  pch.cpp
  httpclient.cpp
  http_client.cpp
libcurl_a.lib(multi.obj) : error LNK2001: 无法解析的外部符号 __imp_closesocket
libcurl_a.lib(asyn-thread.obj) : error LNK2001: 无法解析的外部符号 __imp_closesocket
libcurl_a.lib(connect.obj) : error LNK2001: 无法解析的外部符号 __imp_closesocket
libcurl_a.lib(socketpair.obj) : error LNK2001: 无法解析的外部符号 __imp_closesocket
libcurl_a.lib(multi.obj) : error LNK2001: 无法解析的外部符号 __imp_recv
libcurl_a.lib(sendf.obj) : error LNK2001: 无法解析的外部符号 __imp_recv
libcurl_a.lib(connect.obj) : error LNK2001: 无法解析的外部符号 __imp_recv
libcurl_a.lib(socketpair.obj) : error LNK2001: 无法解析的外部符号 __imp_recv
libcurl_a.lib(telnet.obj) : error LNK2001: 无法解析的外部符号 __imp_send
libcurl_a.lib(multi.obj) : error LNK2001: 无法解析的外部符号 __imp_send
libcurl_a.lib(asyn-thread.obj) : error LNK2001: 无法解析的外部符号 __imp_send
libcurl_a.lib(sendf.obj) : error LNK2001: 无法解析的外部符号 __imp_send
libcurl_a.lib(socketpair.obj) : error LNK2001: 无法解析的外部符号 __imp_send
libcurl_a.lib(schannel.obj) : error LNK2001: 无法解析的外部符号 __imp_WSAGetLastError
libcurl_a.lib(ftp.obj) : error LNK2001: 无法解析的外部符号 __imp_WSAGetLastError
libcurl_a.lib(telnet.obj) : error LNK2001: 无法解析的外部符号 __imp_WSAGetLastError
libcurl_a.lib(tftp.obj) : error LNK2001: 无法解析的外部符号 __imp_WSAGetLastError
libcurl_a.lib(multi.obj) : error LNK2001: 无法解析的外部符号 __imp_WSAGetLastError
libcurl_a.lib(asyn-thread.obj) : error LNK2001: 无法解析的外部符号 __imp_WSAGetLastError
libcurl_a.lib(sendf.obj) : error LNK2001: 无法解析的外部符号 __imp_WSAGetLastError
libcurl_a.lib(connect.obj) : error LNK2001: 无法解析的外部符号 __imp_WSAGetLastError
libcurl_a.lib(connect.obj) : error LNK2001: 无法解析的外部符号 __imp_bind
libcurl_a.lib(socketpair.obj) : error LNK2001: 无法解析的外部符号 __imp_bind
libcurl_a.lib(ftp.obj) : error LNK2001: 无法解析的外部符号 __imp_bind
libcurl_a.lib(tftp.obj) : error LNK2001: 无法解析的外部符号 __imp_bind
libcurl_a.lib(connect.obj) : error LNK2001: 无法解析的外部符号 __imp_connect
libcurl_a.lib(socketpair.obj) : error LNK2001: 无法解析的外部符号 __imp_connect
libcurl_a.lib(connect.obj) : error LNK2001: 无法解析的外部符号 __imp_getpeername
libcurl_a.lib(connect.obj) : error LNK2001: 无法解析的外部符号 __imp_getsockname
libcurl_a.lib(socketpair.obj) : error LNK2001: 无法解析的外部符号 __imp_getsockname
libcurl_a.lib(ftp.obj) : error LNK2001: 无法解析的外部符号 __imp_getsockname
libcurl_a.lib(connect.obj) : error LNK2001: 无法解析的外部符号 __imp_getsockopt
libcurl_a.lib(telnet.obj) : error LNK2001: 无法解析的外部符号 __imp_htons
libcurl_a.lib(doh.obj) : error LNK2001: 无法解析的外部符号 __imp_htons
libcurl_a.lib(socks_sspi.obj) : error LNK2001: 无法解析的外部符号 __imp_htons
libcurl_a.lib(connect.obj) : error LNK2001: 无法解析的外部符号 __imp_htons
libcurl_a.lib(curl_addrinfo.obj) : error LNK2001: 无法解析的外部符号 __imp_htons
libcurl_a.lib(ftp.obj) : error LNK2001: 无法解析的外部符号 __imp_htons
libcurl_a.lib(smb.obj) : error LNK2001: 无法解析的外部符号 __imp_htons
libcurl_a.lib(connect.obj) : error LNK2001: 无法解析的外部符号 __imp_ntohs
libcurl_a.lib(ftp.obj) : error LNK2001: 无法解析的外部符号 __imp_ntohs
libcurl_a.lib(socks_sspi.obj) : error LNK2001: 无法解析的外部符号 __imp_ntohs
libcurl_a.lib(connect.obj) : error LNK2001: 无法解析的外部符号 __imp_setsockopt
libcurl_a.lib(transfer.obj) : error LNK2001: 无法解析的外部符号 __imp_setsockopt
libcurl_a.lib(socketpair.obj) : error LNK2001: 无法解析的外部符号 __imp_setsockopt
libcurl_a.lib(connect.obj) : error LNK2001: 无法解析的外部符号 __imp_socket
libcurl_a.lib(hostip6.obj) : error LNK2001: 无法解析的外部符号 __imp_socket
libcurl_a.lib(socketpair.obj) : error LNK2001: 无法解析的外部符号 __imp_socket
libcurl_a.lib(connect.obj) : error LNK2001: 无法解析的外部符号 __imp_WSASetLastError
libcurl_a.lib(select.obj) : error LNK2001: 无法解析的外部符号 __imp_WSASetLastError
libcurl_a.lib(curl_addrinfo.obj) : error LNK2001: 无法解析的外部符号 __imp_WSASetLastError
libcurl_a.lib(connect.obj) : error LNK2001: 无法解析的外部符号 __imp_WSAIoctl
libcurl_a.lib(transfer.obj) : error LNK2001: 无法解析的外部符号 __imp_WSAIoctl
libcurl_a.lib(system_win32.obj) : error LNK2001: 无法解析的外部符号 __imp_WSAStartup
libcurl_a.lib(telnet.obj) : error LNK2001: 无法解析的外部符号 __imp_WSAStartup
libcurl_a.lib(system_win32.obj) : error LNK2001: 无法解析的外部符号 __imp_WSACleanup
libcurl_a.lib(telnet.obj) : error LNK2001: 无法解析的外部符号 __imp_WSACleanup
libcurl_a.lib(socketpair.obj) : error LNK2001: 无法解析的外部符号 __imp_accept
libcurl_a.lib(ftp.obj) : error LNK2001: 无法解析的外部符号 __imp_accept
libcurl_a.lib(socketpair.obj) : error LNK2001: 无法解析的外部符号 __imp_htonl
libcurl_a.lib(krb5_sspi.obj) : error LNK2001: 无法解析的外部符号 __imp_htonl
libcurl_a.lib(socketpair.obj) : error LNK2001: 无法解析的外部符号 __imp_listen
libcurl_a.lib(ftp.obj) : error LNK2001: 无法解析的外部符号 __imp_listen
libcurl_a.lib(nonblock.obj) : error LNK2001: 无法解析的外部符号 __imp_ioctlsocket
libcurl_a.lib(select.obj) : error LNK2001: 无法解析的外部符号 __WSAFDIsSet
libcurl_a.lib(select.obj) : error LNK2001: 无法解析的外部符号 __imp_select
libcurl_a.lib(curl_addrinfo.obj) : error LNK2001: 无法解析的外部符号 __imp_getaddrinfo
libcurl_a.lib(curl_addrinfo.obj) : error LNK2001: 无法解析的外部符号 __imp_freeaddrinfo
libcurl_a.lib(schannel.obj) : error LNK2001: 无法解析的外部符号 __imp_CertOpenStore
libcurl_a.lib(schannel_verify.obj) : error LNK2001: 无法解析的外部符号 __imp_CertOpenStore
libcurl_a.lib(schannel.obj) : error LNK2001: 无法解析的外部符号 __imp_CertCloseStore
libcurl_a.lib(schannel_verify.obj) : error LNK2001: 无法解析的外部符号 __imp_CertCloseStore
libcurl_a.lib(schannel.obj) : error LNK2001: 无法解析的外部符号 __imp_CertEnumCertificatesInStore
libcurl_a.lib(schannel.obj) : error LNK2001: 无法解析的外部符号 __imp_CertFindCertificateInStore
libcurl_a.lib(schannel.obj) : error LNK2001: 无法解析的外部符号 __imp_CertFreeCertificateContext
libcurl_a.lib(schannel_verify.obj) : error LNK2001: 无法解析的外部符号 __imp_CertFreeCertificateContext
libcurl_a.lib(schannel.obj) : error LNK2001: 无法解析的外部符号 __imp_CryptStringToBinaryA
libcurl_a.lib(schannel.obj) : error LNK2001: 无法解析的外部符号 __imp_PFXImportCertStore
libcurl_a.lib(tftp.obj) : error LNK2001: 无法解析的外部符号 __imp_recvfrom
libcurl_a.lib(tftp.obj) : error LNK2001: 无法解析的外部符号 __imp_sendto
libcurl_a.lib(ldap.obj) : error LNK2001: 无法解析的外部符号 __imp_ldap_init
libcurl_a.lib(ldap.obj) : error LNK2001: 无法解析的外部符号 __imp_ldap_sslinit
libcurl_a.lib(ldap.obj) : error LNK2001: 无法解析的外部符号 __imp_ldap_unbind_s
libcurl_a.lib(ldap.obj) : error LNK2001: 无法解析的外部符号 __imp_ldap_set_option
libcurl_a.lib(ldap.obj) : error LNK2001: 无法解析的外部符号 __imp_ldap_simple_bind_s
libcurl_a.lib(ldap.obj) : error LNK2001: 无法解析的外部符号 __imp_ldap_bind_s
libcurl_a.lib(ldap.obj) : error LNK2001: 无法解析的外部符号 __imp_ldap_search_s
libcurl_a.lib(ldap.obj) : error LNK2001: 无法解析的外部符号 __imp_ldap_msgfree
libcurl_a.lib(ldap.obj) : error LNK2001: 无法解析的外部符号 __imp_ldap_err2string
libcurl_a.lib(ldap.obj) : error LNK2001: 无法解析的外部符号 __imp_ldap_first_entry
libcurl_a.lib(ldap.obj) : error LNK2001: 无法解析的外部符号 __imp_ldap_next_entry
libcurl_a.lib(ldap.obj) : error LNK2001: 无法解析的外部符号 __imp_ldap_first_attribute
libcurl_a.lib(ldap.obj) : error LNK2001: 无法解析的外部符号 __imp_ldap_next_attribute
libcurl_a.lib(ldap.obj) : error LNK2001: 无法解析的外部符号 __imp_ldap_get_values_len
libcurl_a.lib(ldap.obj) : error LNK2001: 无法解析的外部符号 __imp_ldap_value_free_len
libcurl_a.lib(ldap.obj) : error LNK2001: 无法解析的外部符号 __imp_ldap_get_dn
libcurl_a.lib(ldap.obj) : error LNK2001: 无法解析的外部符号 __imp_ldap_memfree
libcurl_a.lib(ldap.obj) : error LNK2001: 无法解析的外部符号 __imp_ber_free
libcurl_a.lib(idn_win32.obj) : error LNK2001: 无法解析的外部符号 __imp_IdnToAscii
libcurl_a.lib(idn_win32.obj) : error LNK2001: 无法解析的外部符号 __imp_IdnToUnicode
libcurl_a.lib(schannel_verify.obj) : error LNK2001: 无法解析的外部符号 __imp_CryptDecodeObjectEx
libcurl_a.lib(schannel_verify.obj) : error LNK2001: 无法解析的外部符号 __imp_CertAddCertificateContextToStore
libcurl_a.lib(schannel_verify.obj) : error LNK2001: 无法解析的外部符号 __imp_CertFindExtension
libcurl_a.lib(schannel_verify.obj) : error LNK2001: 无法解析的外部符号 __imp_CertGetNameStringA
libcurl_a.lib(schannel_verify.obj) : error LNK2001: 无法解析的外部符号 __imp_CryptQueryObject
libcurl_a.lib(schannel_verify.obj) : error LNK2001: 无法解析的外部符号 __imp_CertCreateCertificateChainEngine
libcurl_a.lib(schannel_verify.obj) : error LNK2001: 无法解析的外部符号 __imp_CertFreeCertificateChainEngine
libcurl_a.lib(schannel_verify.obj) : error LNK2001: 无法解析的外部符号 __imp_CertGetCertificateChain
libcurl_a.lib(schannel_verify.obj) : error LNK2001: 无法解析的外部符号 __imp_CertFreeCertificateChain
libcurl_a.lib(curl_gethostname.obj) : error LNK2001: 无法解析的外部符号 __imp_gethostname
libcurl_a.lib(krb5_sspi.obj) : error LNK2001: 无法解析的外部符号 __imp_ntohl
D:\vs2017_work\http_client\x64\Release\http_client.exe : fatal error LNK1120: 65 个无法解析的外部命令
